#
# There is insufficient memory for the Java Runtime Environment to continue.
# Native memory allocation (malloc) failed to allocate 1048576 bytes for AllocateHeap
# Possible reasons:
#   The system is out of physical RAM or swap space
#   In 32 bit mode, the process size limit was hit
# Possible solutions:
#   Reduce memory load on the system
#   Increase physical memory or swap space
#   Check if swap backing store is full
#   Use 64 bit Java on a 64 bit OS
#   Decrease Java heap size (-Xmx/-Xms)
#   Decrease number of Java threads
#   Decrease Java thread stack sizes (-Xss)
#   Set larger code cache with -XX:ReservedCodeCacheSize=
# This output file may be truncated or incomplete.
#
#  Out of Memory Error (memory/allocation.inline.hpp:61), pid=4472, tid=0x0000000000002300
#
# JRE version:  (8.0_76-b03) (build )
# Java VM: OpenJDK 64-Bit Server VM (25.76-b03 mixed mode windows-amd64 compressed oops)
# Failed to write core dump. Minidumps are not enabled by default on client versions of Windows
#

---------------  T H R E A D  ---------------

Current thread (0x000000000252e000):  JavaThread "Unknown thread" [_thread_in_vm, id=8960, stack(0x0000000002560000,0x0000000002660000)]

Stack: [0x0000000002560000,0x0000000002660000]
[error occurred during error reporting (printing stack bounds), id 0xc0000005]

Native frames: (J=compiled Java code, j=interpreted, Vv=VM code, C=native code)


---------------  P R O C E S S  ---------------

Java Threads: ( => current thread )

Other Threads:

=>0x000000000252e000 (exited) JavaThread "Unknown thread" [_thread_in_vm, id=8960, stack(0x0000000002560000,0x0000000002660000)]

VM state:not at safepoint (normal execution)

VM Mutex/Monitor currently owned by a thread: None

Heap:
 PSYoungGen      total 38400K, used 665K [0x00000000eab00000, 0x00000000ed580000, 0x0000000100000000)
  eden space 33280K, 2% used [0x00000000eab00000,0x00000000eaba6670,0x00000000ecb80000)
  from space 5120K, 0% used [0x00000000ed080000,0x00000000ed080000,0x00000000ed580000)
  to   space 5120K, 0% used [0x00000000ecb80000,0x00000000ecb80000,0x00000000ed080000)
 ParOldGen       total 87552K, used 0K [0x00000000c0000000, 0x00000000c5580000, 0x00000000eab00000)
  object space 87552K, 0% used [0x00000000c0000000,0x00000000c0000000,0x00000000c5580000)
 Metaspace       used 773K, capacity 4200K, committed 4224K, reserved 1056768K
  class space    used 75K, capacity 104K, committed 128K, reserved 1048576K

Card table byte_map: [0x0000000011ac0000,0x0000000011cd0000] byte_map_base: 0x00000000114c0000

Marking Bits: (ParMarkBitMap*) 0x00000000619a9d00
 Begin Bits: [0x0000000012440000, 0x0000000013440000)
 End Bits:   [0x0000000013440000, 0x0000000014440000)

Polling page: 0x0000000000230000

CodeCache: size=245760Kb used=328Kb max_used=328Kb free=245431Kb
 bounds [0x0000000002700000, 0x0000000002970000, 0x0000000011700000]
 total_blobs=57 nmethods=0 adapters=38
 compilation: enabled

Compilation events (0 events):
No events

GC Heap History (0 events):
No events

Deoptimization events (0 events):
No events

Internal exceptions (0 events):
No events

Events (10 events):
Event: 0.024 loading class java/lang/Short
Event: 0.024 loading class java/lang/Short done
Event: 0.024 loading class java/lang/Integer
Event: 0.024 loading class java/lang/Integer done
Event: 0.024 loading class java/lang/Long
Event: 0.024 loading class java/lang/Long done
Event: 0.029 loading class java/lang/NullPointerException
Event: 0.029 loading class java/lang/NullPointerException done
Event: 0.029 loading class java/lang/ArithmeticException
Event: 0.029 loading class java/lang/ArithmeticException done


Dynamic libraries:
0x000000013f610000 - 0x000000013f641000 	D:\AndroidStudio\jre\bin\java.exe
0x0000000076e20000 - 0x0000000076fca000 	C:\windows\SYSTEM32\ntdll.dll
0x0000000076d00000 - 0x0000000076e1f000 	C:\windows\system32\kernel32.dll
0x000007fefcd40000 - 0x000007fefcdaa000 	C:\windows\system32\KERNELBASE.dll
0x000007fefe5e0000 - 0x000007fefe6bb000 	C:\windows\system32\ADVAPI32.dll
0x000007fefef00000 - 0x000007fefef9f000 	C:\windows\system32\msvcrt.dll
0x000007fefcf10000 - 0x000007fefcf2f000 	C:\windows\SYSTEM32\sechost.dll
0x000007fefec60000 - 0x000007fefed8d000 	C:\windows\system32\RPCRT4.dll
0x0000000076c00000 - 0x0000000076cfa000 	C:\windows\system32\USER32.dll
0x000007fefe570000 - 0x000007fefe5d7000 	C:\windows\system32\GDI32.dll
0x000007fefe350000 - 0x000007fefe35e000 	C:\windows\system32\LPK.dll
0x000007fefeb90000 - 0x000007fefec5a000 	C:\windows\system32\USP10.dll
0x000007fefb380000 - 0x000007fefb574000 	C:\windows\WinSxS\amd64_microsoft.windows.common-controls_6595b64144ccf1df_6.0.7601.23403_none_e36ad4593102f066\COMCTL32.dll
0x000007fefee80000 - 0x000007fefeef1000 	C:\windows\system32\SHLWAPI.dll
0x000007fefe6f0000 - 0x000007fefe71e000 	C:\windows\system32\IMM32.DLL
0x000007fefe720000 - 0x000007fefe829000 	C:\windows\system32\MSCTF.dll
0x000007fefca90000 - 0x000007fefcac0000 	C:\Windows\system32\nvinitx.dll
0x000007fefca80000 - 0x000007fefca8c000 	C:\windows\system32\VERSION.dll
0x0000000073460000 - 0x0000000073466000 	C:\Program Files\NVIDIA Corporation\CoProcManager\detoured.dll
0x000007fef9840000 - 0x000007fef9878000 	C:\Program Files\NVIDIA Corporation\CoProcManager\nvd3d9wrapx.dll
0x000007fefe830000 - 0x000007fefea07000 	C:\windows\system32\SETUPAPI.dll
0x000007fefccf0000 - 0x000007fefcd26000 	C:\windows\system32\CFGMGR32.dll
0x000007fefd210000 - 0x000007fefd2ea000 	C:\windows\system32\OLEAUT32.dll
0x000007fefe360000 - 0x000007fefe563000 	C:\windows\system32\ole32.dll
0x000007fefcef0000 - 0x000007fefcf0a000 	C:\windows\system32\DEVOBJ.dll
0x000007fef9610000 - 0x000007fef9634000 	C:\Program Files\NVIDIA Corporation\CoProcManager\nvdxgiwrapx.dll
0x000000006eb40000 - 0x000000006ec12000 	D:\AndroidStudio\jre\jre\bin\msvcr100.dll
0x00000000611f0000 - 0x0000000061a24000 	D:\AndroidStudio\jre\jre\bin\server\jvm.dll
0x000007fefa480000 - 0x000007fefa489000 	C:\windows\system32\WSOCK32.dll
0x000007fefee30000 - 0x000007fefee7d000 	C:\windows\system32\WS2_32.dll
0x000007fefe6c0000 - 0x000007fefe6c8000 	C:\windows\system32\NSI.dll
0x000007fef5c70000 - 0x000007fef5cab000 	C:\windows\system32\WINMM.dll
0x0000000076ff0000 - 0x0000000076ff7000 	C:\windows\system32\PSAPI.DLL
0x000007fef0310000 - 0x000007fef031f000 	D:\AndroidStudio\jre\jre\bin\verify.dll
0x000007fef0210000 - 0x000007fef0239000 	D:\AndroidStudio\jre\jre\bin\java.dll
0x000007fef0120000 - 0x000007fef0136000 	D:\AndroidStudio\jre\jre\bin\zip.dll

VM Arguments:
jvm_args: -Djava.awt.headless=true -Xmx1024M -Dfile.encoding=GBK -Duser.country=CN -Duser.language=zh -Duser.variant 
java_command: com.android.dx.command.Main --dex --force-jumbo --num-threads=4 --output G:\Android\RFID\app\build\intermediates\pre-dexed\debug\com.android.support-recyclerview-v7-23.4.0_898d8593a984dd9a525012e03ed6b9a4f7ed0d86.jar G:\Android\RFID\app\build\intermediates\exploded-aar\com.android.support\recyclerview-v7\23.4.0\jars\classes.jar
java_class_path (initial): C:\Users\YZYX\AppData\Local\Android\Sdk\build-tools\23.0.3\lib\dx.jar
Launcher Type: SUN_STANDARD

Environment Variables:
JAVA_HOME=D:\JDK1.7
CLASSPATH=.;D:\JDK1.7\lib\dt.jar;D:\JDK1.7\lib\tools.jar;
PATH=D:\OracleDB\product\11.2.0\dbhome_1\bin;.;D:\JDK1.7\bin;C:\windows\system32
USERNAME=YZYX
OS=Windows_NT
PROCESSOR_IDENTIFIER=Intel64 Family 6 Model 142 Stepping 9, GenuineIntel



---------------  S Y S T E M  ---------------

OS: Windows 7 , 64 bit Build 7601 (6.1.7601.23569)

CPU:total 4 (2 cores per cpu, 2 threads per core) family 6 model 142 stepping 9, cmov, cx8, fxsr, mmx, sse, sse2, sse3, ssse3, sse4.1, sse4.2, popcnt, avx, avx2, aes, clmul, erms, 3dnowpref, lzcnt, ht, tsc, tscinvbit, bmi1, bmi2, adx

Memory: 4k page, physical 8268840k(681740k free), swap 12461284k(39572k free)

vm_info: OpenJDK 64-Bit Server VM (25.76-b03) for windows-amd64 JRE (1.8.0_76-release-b03), built on Jun 29 2016 19:09:20 by "ralucas" with MS VC++ 10.0 (VS2010)

time: Thu Nov 24 17:23:06 2016
elapsed time: 0 seconds (0d 0h 0m 0s)

